<?xml version="1.0" encoding="UTF-8"?>
<testsuite xmlns:xsi="http://www.w3.org/2001/XMLSchema-instance" xsi:noNamespaceSchemaLocation="https://maven.apache.org/surefire/maven-surefire-plugin/xsd/surefire-test-report-3.0.xsd" version="3.0" name="TestSuite" time="57.65" tests="11" errors="0" skipped="0" failures="0">
  <properties>
    <property name="java.specification.version" value="17"/>
    <property name="sun.cpu.isalist" value="amd64"/>
    <property name="sun.jnu.encoding" value="Cp1252"/>
    <property name="java.class.path" value="C:\Users\HP\eclipse-workspace\AddSelPractice\target\test-classes;C:\Users\HP\eclipse-workspace\AddSelPractice\target\classes;C:\Users\HP\.m2\repository\org\seleniumhq\selenium\selenium-java\4.8.3\selenium-java-4.8.3.jar;C:\Users\HP\.m2\repository\org\seleniumhq\selenium\selenium-api\4.8.3\selenium-api-4.8.3.jar;C:\Users\HP\.m2\repository\org\seleniumhq\selenium\selenium-chrome-driver\4.8.3\selenium-chrome-driver-4.8.3.jar;C:\Users\HP\.m2\repository\com\google\auto\service\auto-service-annotations\1.0.1\auto-service-annotations-1.0.1.jar;C:\Users\HP\.m2\repository\com\google\auto\service\auto-service\1.0.1\auto-service-1.0.1.jar;C:\Users\HP\.m2\repository\com\google\auto\auto-common\1.2\auto-common-1.2.jar;C:\Users\HP\.m2\repository\com\google\guava\guava\31.1-jre\guava-31.1-jre.jar;C:\Users\HP\.m2\repository\com\google\guava\failureaccess\1.0.1\failureaccess-1.0.1.jar;C:\Users\HP\.m2\repository\com\google\guava\listenablefuture\9999.0-empty-to-avoid-conflict-with-guava\listenablefuture-9999.0-empty-to-avoid-conflict-with-guava.jar;C:\Users\HP\.m2\repository\com\google\code\findbugs\jsr305\3.0.2\jsr305-3.0.2.jar;C:\Users\HP\.m2\repository\org\checkerframework\checker-qual\3.12.0\checker-qual-3.12.0.jar;C:\Users\HP\.m2\repository\com\google\errorprone\error_prone_annotations\2.11.0\error_prone_annotations-2.11.0.jar;C:\Users\HP\.m2\repository\com\google\j2objc\j2objc-annotations\1.3\j2objc-annotations-1.3.jar;C:\Users\HP\.m2\repository\org\seleniumhq\selenium\selenium-chromium-driver\4.8.3\selenium-chromium-driver-4.8.3.jar;C:\Users\HP\.m2\repository\org\seleniumhq\selenium\selenium-json\4.8.3\selenium-json-4.8.3.jar;C:\Users\HP\.m2\repository\org\seleniumhq\selenium\selenium-manager\4.8.3\selenium-manager-4.8.3.jar;C:\Users\HP\.m2\repository\org\seleniumhq\selenium\selenium-devtools-v109\4.8.3\selenium-devtools-v109-4.8.3.jar;C:\Users\HP\.m2\repository\org\seleniumhq\selenium\selenium-devtools-v110\4.8.3\selenium-devtools-v110-4.8.3.jar;C:\Users\HP\.m2\repository\org\seleniumhq\selenium\selenium-devtools-v111\4.8.3\selenium-devtools-v111-4.8.3.jar;C:\Users\HP\.m2\repository\org\seleniumhq\selenium\selenium-devtools-v85\4.8.3\selenium-devtools-v85-4.8.3.jar;C:\Users\HP\.m2\repository\org\seleniumhq\selenium\selenium-edge-driver\4.8.3\selenium-edge-driver-4.8.3.jar;C:\Users\HP\.m2\repository\org\seleniumhq\selenium\selenium-firefox-driver\4.8.3\selenium-firefox-driver-4.8.3.jar;C:\Users\HP\.m2\repository\org\seleniumhq\selenium\selenium-http\4.8.3\selenium-http-4.8.3.jar;C:\Users\HP\.m2\repository\dev\failsafe\failsafe\3.3.1\failsafe-3.3.1.jar;C:\Users\HP\.m2\repository\org\seleniumhq\selenium\selenium-ie-driver\4.8.3\selenium-ie-driver-4.8.3.jar;C:\Users\HP\.m2\repository\org\seleniumhq\selenium\selenium-remote-driver\4.8.3\selenium-remote-driver-4.8.3.jar;C:\Users\HP\.m2\repository\io\netty\netty-buffer\4.1.90.Final\netty-buffer-4.1.90.Final.jar;C:\Users\HP\.m2\repository\io\netty\netty-codec-http\4.1.90.Final\netty-codec-http-4.1.90.Final.jar;C:\Users\HP\.m2\repository\io\netty\netty-codec\4.1.90.Final\netty-codec-4.1.90.Final.jar;C:\Users\HP\.m2\repository\io\netty\netty-handler\4.1.90.Final\netty-handler-4.1.90.Final.jar;C:\Users\HP\.m2\repository\io\netty\netty-common\4.1.90.Final\netty-common-4.1.90.Final.jar;C:\Users\HP\.m2\repository\io\netty\netty-transport-classes-epoll\4.1.90.Final\netty-transport-classes-epoll-4.1.90.Final.jar;C:\Users\HP\.m2\repository\io\netty\netty-transport-classes-kqueue\4.1.90.Final\netty-transport-classes-kqueue-4.1.90.Final.jar;C:\Users\HP\.m2\repository\io\netty\netty-transport-native-epoll\4.1.90.Final\netty-transport-native-epoll-4.1.90.Final.jar;C:\Users\HP\.m2\repository\io\netty\netty-transport-native-kqueue\4.1.90.Final\netty-transport-native-kqueue-4.1.90.Final.jar;C:\Users\HP\.m2\repository\io\netty\netty-transport-native-unix-common\4.1.90.Final\netty-transport-native-unix-common-4.1.90.Final.jar;C:\Users\HP\.m2\repository\io\netty\netty-transport\4.1.90.Final\netty-transport-4.1.90.Final.jar;C:\Users\HP\.m2\repository\io\netty\netty-resolver\4.1.90.Final\netty-resolver-4.1.90.Final.jar;C:\Users\HP\.m2\repository\io\opentelemetry\opentelemetry-api\1.24.0\opentelemetry-api-1.24.0.jar;C:\Users\HP\.m2\repository\io\opentelemetry\opentelemetry-context\1.24.0\opentelemetry-context-1.24.0.jar;C:\Users\HP\.m2\repository\io\opentelemetry\opentelemetry-exporter-logging\1.24.0\opentelemetry-exporter-logging-1.24.0.jar;C:\Users\HP\.m2\repository\io\opentelemetry\opentelemetry-sdk-metrics\1.24.0\opentelemetry-sdk-metrics-1.24.0.jar;C:\Users\HP\.m2\repository\io\opentelemetry\opentelemetry-sdk-logs\1.24.0-alpha\opentelemetry-sdk-logs-1.24.0-alpha.jar;C:\Users\HP\.m2\repository\io\opentelemetry\opentelemetry-api-logs\1.24.0-alpha\opentelemetry-api-logs-1.24.0-alpha.jar;C:\Users\HP\.m2\repository\io\opentelemetry\opentelemetry-api-events\1.24.0-alpha\opentelemetry-api-events-1.24.0-alpha.jar;C:\Users\HP\.m2\repository\io\opentelemetry\opentelemetry-sdk-common\1.24.0\opentelemetry-sdk-common-1.24.0.jar;C:\Users\HP\.m2\repository\io\opentelemetry\opentelemetry-sdk-extension-autoconfigure-spi\1.24.0\opentelemetry-sdk-extension-autoconfigure-spi-1.24.0.jar;C:\Users\HP\.m2\repository\io\opentelemetry\opentelemetry-sdk-extension-autoconfigure\1.24.0-alpha\opentelemetry-sdk-extension-autoconfigure-1.24.0-alpha.jar;C:\Users\HP\.m2\repository\io\opentelemetry\opentelemetry-sdk-trace\1.24.0\opentelemetry-sdk-trace-1.24.0.jar;C:\Users\HP\.m2\repository\io\opentelemetry\opentelemetry-sdk\1.24.0\opentelemetry-sdk-1.24.0.jar;C:\Users\HP\.m2\repository\io\opentelemetry\opentelemetry-semconv\1.24.0-alpha\opentelemetry-semconv-1.24.0-alpha.jar;C:\Users\HP\.m2\repository\io\ous\jtoml\2.0.0\jtoml-2.0.0.jar;C:\Users\HP\.m2\repository\net\bytebuddy\byte-buddy\1.14.2\byte-buddy-1.14.2.jar;C:\Users\HP\.m2\repository\org\apache\commons\commons-exec\1.3\commons-exec-1.3.jar;C:\Users\HP\.m2\repository\org\asynchttpclient\async-http-client\2.12.3\async-http-client-2.12.3.jar;C:\Users\HP\.m2\repository\org\asynchttpclient\async-http-client-netty-utils\2.12.3\async-http-client-netty-utils-2.12.3.jar;C:\Users\HP\.m2\repository\io\netty\netty-codec-socks\4.1.60.Final\netty-codec-socks-4.1.60.Final.jar;C:\Users\HP\.m2\repository\io\netty\netty-handler-proxy\4.1.60.Final\netty-handler-proxy-4.1.60.Final.jar;C:\Users\HP\.m2\repository\io\netty\netty-transport-native-epoll\4.1.60.Final\netty-transport-native-epoll-4.1.60.Final-linux-x86_64.jar;C:\Users\HP\.m2\repository\io\netty\netty-transport-native-kqueue\4.1.60.Final\netty-transport-native-kqueue-4.1.60.Final-osx-x86_64.jar;C:\Users\HP\.m2\repository\com\typesafe\netty\netty-reactive-streams\2.0.4\netty-reactive-streams-2.0.4.jar;C:\Users\HP\.m2\repository\com\sun\activation\jakarta.activation\1.2.2\jakarta.activation-1.2.2.jar;C:\Users\HP\.m2\repository\org\seleniumhq\selenium\selenium-safari-driver\4.8.3\selenium-safari-driver-4.8.3.jar;C:\Users\HP\.m2\repository\org\seleniumhq\selenium\selenium-support\4.8.3\selenium-support-4.8.3.jar;C:\Users\HP\.m2\repository\io\github\bonigarcia\webdrivermanager\3.8.1\webdrivermanager-3.8.1.jar;C:\Users\HP\.m2\repository\org\slf4j\slf4j-api\1.7.25\slf4j-api-1.7.25.jar;C:\Users\HP\.m2\repository\com\google\code\gson\gson\2.8.5\gson-2.8.5.jar;C:\Users\HP\.m2\repository\org\apache\commons\commons-lang3\3.8.1\commons-lang3-3.8.1.jar;C:\Users\HP\.m2\repository\org\apache\httpcomponents\httpclient\4.5.6\httpclient-4.5.6.jar;C:\Users\HP\.m2\repository\org\apache\httpcomponents\httpcore\4.4.10\httpcore-4.4.10.jar;C:\Users\HP\.m2\repository\commons-logging\commons-logging\1.2\commons-logging-1.2.jar;C:\Users\HP\.m2\repository\org\rauschig\jarchivelib\1.0.0\jarchivelib-1.0.0.jar;C:\Users\HP\.m2\repository\org\jsoup\jsoup\1.11.3\jsoup-1.11.3.jar;C:\Users\HP\.m2\repository\commons-io\commons-io\2.11.0\commons-io-2.11.0.jar;C:\Users\HP\.m2\repository\org\apache\poi\poi\5.2.2\poi-5.2.2.jar;C:\Users\HP\.m2\repository\commons-codec\commons-codec\1.15\commons-codec-1.15.jar;C:\Users\HP\.m2\repository\org\apache\commons\commons-collections4\4.4\commons-collections4-4.4.jar;C:\Users\HP\.m2\repository\org\apache\commons\commons-math3\3.6.1\commons-math3-3.6.1.jar;C:\Users\HP\.m2\repository\com\zaxxer\SparseBitSet\1.2\SparseBitSet-1.2.jar;C:\Users\HP\.m2\repository\org\apache\logging\log4j\log4j-api\2.17.2\log4j-api-2.17.2.jar;C:\Users\HP\.m2\repository\org\apache\poi\poi-ooxml\5.2.2\poi-ooxml-5.2.2.jar;C:\Users\HP\.m2\repository\org\apache\poi\poi-ooxml-lite\5.2.2\poi-ooxml-lite-5.2.2.jar;C:\Users\HP\.m2\repository\org\apache\xmlbeans\xmlbeans\5.0.3\xmlbeans-5.0.3.jar;C:\Users\HP\.m2\repository\org\apache\commons\commons-compress\1.21\commons-compress-1.21.jar;C:\Users\HP\.m2\repository\com\github\virtuald\curvesapi\1.07\curvesapi-1.07.jar;C:\Users\HP\.m2\repository\com\aventstack\extentreports\5.0.9\extentreports-5.0.9.jar;C:\Users\HP\.m2\repository\io\reactivex\rxjava3\rxjava\3.0.4\rxjava-3.0.4.jar;C:\Users\HP\.m2\repository\org\reactivestreams\reactive-streams\1.0.3\reactive-streams-1.0.3.jar;C:\Users\HP\.m2\repository\org\freemarker\freemarker\2.3.30\freemarker-2.3.30.jar;C:\Users\HP\.m2\repository\org\testng\testng\7.7.1\testng-7.7.1.jar;C:\Users\HP\.m2\repository\com\beust\jcommander\1.82\jcommander-1.82.jar;C:\Users\HP\.m2\repository\org\webjars\jquery\3.6.1\jquery-3.6.1.jar;C:\Users\HP\.m2\repository\log4j\log4j\1.2.17\log4j-1.2.17.jar;C:\Users\HP\.m2\repository\org\projectlombok\lombok\1.18.30\lombok-1.18.30.jar;"/>
    <property name="java.vm.vendor" value="Eclipse Adoptium"/>
    <property name="sun.arch.data.model" value="64"/>
    <property name="user.variant" value=""/>
    <property name="java.vendor.url" value="https://adoptium.net/"/>
    <property name="user.timezone" value="Asia/Calcutta"/>
    <property name="os.name" value="Windows 11"/>
    <property name="java.vm.specification.version" value="17"/>
    <property name="sun.java.launcher" value="SUN_STANDARD"/>
    <property name="user.country" value="IN"/>
    <property name="sun.boot.library.path" value="C:\Users\HP\.p2\pool\plugins\org.eclipse.justj.openjdk.hotspot.jre.full.win32.x86_64_17.0.8.v20230801-1951\jre\bin"/>
    <property name="sun.java.command" value="C:\Users\HP\AppData\Local\Temp\surefire9607738825159768806\surefirebooter-20250505090821178_3.jar C:\Users\HP\AppData\Local\Temp\surefire9607738825159768806 2025-05-05T09-08-21_012-jvmRun1 surefire-20250505090821178_1tmp surefire_0-20250505090821178_2tmp"/>
    <property name="jdk.debug" value="release"/>
    <property name="surefire.test.class.path" value="C:\Users\HP\eclipse-workspace\AddSelPractice\target\test-classes;C:\Users\HP\eclipse-workspace\AddSelPractice\target\classes;C:\Users\HP\.m2\repository\org\seleniumhq\selenium\selenium-java\4.8.3\selenium-java-4.8.3.jar;C:\Users\HP\.m2\repository\org\seleniumhq\selenium\selenium-api\4.8.3\selenium-api-4.8.3.jar;C:\Users\HP\.m2\repository\org\seleniumhq\selenium\selenium-chrome-driver\4.8.3\selenium-chrome-driver-4.8.3.jar;C:\Users\HP\.m2\repository\com\google\auto\service\auto-service-annotations\1.0.1\auto-service-annotations-1.0.1.jar;C:\Users\HP\.m2\repository\com\google\auto\service\auto-service\1.0.1\auto-service-1.0.1.jar;C:\Users\HP\.m2\repository\com\google\auto\auto-common\1.2\auto-common-1.2.jar;C:\Users\HP\.m2\repository\com\google\guava\guava\31.1-jre\guava-31.1-jre.jar;C:\Users\HP\.m2\repository\com\google\guava\failureaccess\1.0.1\failureaccess-1.0.1.jar;C:\Users\HP\.m2\repository\com\google\guava\listenablefuture\9999.0-empty-to-avoid-conflict-with-guava\listenablefuture-9999.0-empty-to-avoid-conflict-with-guava.jar;C:\Users\HP\.m2\repository\com\google\code\findbugs\jsr305\3.0.2\jsr305-3.0.2.jar;C:\Users\HP\.m2\repository\org\checkerframework\checker-qual\3.12.0\checker-qual-3.12.0.jar;C:\Users\HP\.m2\repository\com\google\errorprone\error_prone_annotations\2.11.0\error_prone_annotations-2.11.0.jar;C:\Users\HP\.m2\repository\com\google\j2objc\j2objc-annotations\1.3\j2objc-annotations-1.3.jar;C:\Users\HP\.m2\repository\org\seleniumhq\selenium\selenium-chromium-driver\4.8.3\selenium-chromium-driver-4.8.3.jar;C:\Users\HP\.m2\repository\org\seleniumhq\selenium\selenium-json\4.8.3\selenium-json-4.8.3.jar;C:\Users\HP\.m2\repository\org\seleniumhq\selenium\selenium-manager\4.8.3\selenium-manager-4.8.3.jar;C:\Users\HP\.m2\repository\org\seleniumhq\selenium\selenium-devtools-v109\4.8.3\selenium-devtools-v109-4.8.3.jar;C:\Users\HP\.m2\repository\org\seleniumhq\selenium\selenium-devtools-v110\4.8.3\selenium-devtools-v110-4.8.3.jar;C:\Users\HP\.m2\repository\org\seleniumhq\selenium\selenium-devtools-v111\4.8.3\selenium-devtools-v111-4.8.3.jar;C:\Users\HP\.m2\repository\org\seleniumhq\selenium\selenium-devtools-v85\4.8.3\selenium-devtools-v85-4.8.3.jar;C:\Users\HP\.m2\repository\org\seleniumhq\selenium\selenium-edge-driver\4.8.3\selenium-edge-driver-4.8.3.jar;C:\Users\HP\.m2\repository\org\seleniumhq\selenium\selenium-firefox-driver\4.8.3\selenium-firefox-driver-4.8.3.jar;C:\Users\HP\.m2\repository\org\seleniumhq\selenium\selenium-http\4.8.3\selenium-http-4.8.3.jar;C:\Users\HP\.m2\repository\dev\failsafe\failsafe\3.3.1\failsafe-3.3.1.jar;C:\Users\HP\.m2\repository\org\seleniumhq\selenium\selenium-ie-driver\4.8.3\selenium-ie-driver-4.8.3.jar;C:\Users\HP\.m2\repository\org\seleniumhq\selenium\selenium-remote-driver\4.8.3\selenium-remote-driver-4.8.3.jar;C:\Users\HP\.m2\repository\io\netty\netty-buffer\4.1.90.Final\netty-buffer-4.1.90.Final.jar;C:\Users\HP\.m2\repository\io\netty\netty-codec-http\4.1.90.Final\netty-codec-http-4.1.90.Final.jar;C:\Users\HP\.m2\repository\io\netty\netty-codec\4.1.90.Final\netty-codec-4.1.90.Final.jar;C:\Users\HP\.m2\repository\io\netty\netty-handler\4.1.90.Final\netty-handler-4.1.90.Final.jar;C:\Users\HP\.m2\repository\io\netty\netty-common\4.1.90.Final\netty-common-4.1.90.Final.jar;C:\Users\HP\.m2\repository\io\netty\netty-transport-classes-epoll\4.1.90.Final\netty-transport-classes-epoll-4.1.90.Final.jar;C:\Users\HP\.m2\repository\io\netty\netty-transport-classes-kqueue\4.1.90.Final\netty-transport-classes-kqueue-4.1.90.Final.jar;C:\Users\HP\.m2\repository\io\netty\netty-transport-native-epoll\4.1.90.Final\netty-transport-native-epoll-4.1.90.Final.jar;C:\Users\HP\.m2\repository\io\netty\netty-transport-native-kqueue\4.1.90.Final\netty-transport-native-kqueue-4.1.90.Final.jar;C:\Users\HP\.m2\repository\io\netty\netty-transport-native-unix-common\4.1.90.Final\netty-transport-native-unix-common-4.1.90.Final.jar;C:\Users\HP\.m2\repository\io\netty\netty-transport\4.1.90.Final\netty-transport-4.1.90.Final.jar;C:\Users\HP\.m2\repository\io\netty\netty-resolver\4.1.90.Final\netty-resolver-4.1.90.Final.jar;C:\Users\HP\.m2\repository\io\opentelemetry\opentelemetry-api\1.24.0\opentelemetry-api-1.24.0.jar;C:\Users\HP\.m2\repository\io\opentelemetry\opentelemetry-context\1.24.0\opentelemetry-context-1.24.0.jar;C:\Users\HP\.m2\repository\io\opentelemetry\opentelemetry-exporter-logging\1.24.0\opentelemetry-exporter-logging-1.24.0.jar;C:\Users\HP\.m2\repository\io\opentelemetry\opentelemetry-sdk-metrics\1.24.0\opentelemetry-sdk-metrics-1.24.0.jar;C:\Users\HP\.m2\repository\io\opentelemetry\opentelemetry-sdk-logs\1.24.0-alpha\opentelemetry-sdk-logs-1.24.0-alpha.jar;C:\Users\HP\.m2\repository\io\opentelemetry\opentelemetry-api-logs\1.24.0-alpha\opentelemetry-api-logs-1.24.0-alpha.jar;C:\Users\HP\.m2\repository\io\opentelemetry\opentelemetry-api-events\1.24.0-alpha\opentelemetry-api-events-1.24.0-alpha.jar;C:\Users\HP\.m2\repository\io\opentelemetry\opentelemetry-sdk-common\1.24.0\opentelemetry-sdk-common-1.24.0.jar;C:\Users\HP\.m2\repository\io\opentelemetry\opentelemetry-sdk-extension-autoconfigure-spi\1.24.0\opentelemetry-sdk-extension-autoconfigure-spi-1.24.0.jar;C:\Users\HP\.m2\repository\io\opentelemetry\opentelemetry-sdk-extension-autoconfigure\1.24.0-alpha\opentelemetry-sdk-extension-autoconfigure-1.24.0-alpha.jar;C:\Users\HP\.m2\repository\io\opentelemetry\opentelemetry-sdk-trace\1.24.0\opentelemetry-sdk-trace-1.24.0.jar;C:\Users\HP\.m2\repository\io\opentelemetry\opentelemetry-sdk\1.24.0\opentelemetry-sdk-1.24.0.jar;C:\Users\HP\.m2\repository\io\opentelemetry\opentelemetry-semconv\1.24.0-alpha\opentelemetry-semconv-1.24.0-alpha.jar;C:\Users\HP\.m2\repository\io\ous\jtoml\2.0.0\jtoml-2.0.0.jar;C:\Users\HP\.m2\repository\net\bytebuddy\byte-buddy\1.14.2\byte-buddy-1.14.2.jar;C:\Users\HP\.m2\repository\org\apache\commons\commons-exec\1.3\commons-exec-1.3.jar;C:\Users\HP\.m2\repository\org\asynchttpclient\async-http-client\2.12.3\async-http-client-2.12.3.jar;C:\Users\HP\.m2\repository\org\asynchttpclient\async-http-client-netty-utils\2.12.3\async-http-client-netty-utils-2.12.3.jar;C:\Users\HP\.m2\repository\io\netty\netty-codec-socks\4.1.60.Final\netty-codec-socks-4.1.60.Final.jar;C:\Users\HP\.m2\repository\io\netty\netty-handler-proxy\4.1.60.Final\netty-handler-proxy-4.1.60.Final.jar;C:\Users\HP\.m2\repository\io\netty\netty-transport-native-epoll\4.1.60.Final\netty-transport-native-epoll-4.1.60.Final-linux-x86_64.jar;C:\Users\HP\.m2\repository\io\netty\netty-transport-native-kqueue\4.1.60.Final\netty-transport-native-kqueue-4.1.60.Final-osx-x86_64.jar;C:\Users\HP\.m2\repository\com\typesafe\netty\netty-reactive-streams\2.0.4\netty-reactive-streams-2.0.4.jar;C:\Users\HP\.m2\repository\com\sun\activation\jakarta.activation\1.2.2\jakarta.activation-1.2.2.jar;C:\Users\HP\.m2\repository\org\seleniumhq\selenium\selenium-safari-driver\4.8.3\selenium-safari-driver-4.8.3.jar;C:\Users\HP\.m2\repository\org\seleniumhq\selenium\selenium-support\4.8.3\selenium-support-4.8.3.jar;C:\Users\HP\.m2\repository\io\github\bonigarcia\webdrivermanager\3.8.1\webdrivermanager-3.8.1.jar;C:\Users\HP\.m2\repository\org\slf4j\slf4j-api\1.7.25\slf4j-api-1.7.25.jar;C:\Users\HP\.m2\repository\com\google\code\gson\gson\2.8.5\gson-2.8.5.jar;C:\Users\HP\.m2\repository\org\apache\commons\commons-lang3\3.8.1\commons-lang3-3.8.1.jar;C:\Users\HP\.m2\repository\org\apache\httpcomponents\httpclient\4.5.6\httpclient-4.5.6.jar;C:\Users\HP\.m2\repository\org\apache\httpcomponents\httpcore\4.4.10\httpcore-4.4.10.jar;C:\Users\HP\.m2\repository\commons-logging\commons-logging\1.2\commons-logging-1.2.jar;C:\Users\HP\.m2\repository\org\rauschig\jarchivelib\1.0.0\jarchivelib-1.0.0.jar;C:\Users\HP\.m2\repository\org\jsoup\jsoup\1.11.3\jsoup-1.11.3.jar;C:\Users\HP\.m2\repository\commons-io\commons-io\2.11.0\commons-io-2.11.0.jar;C:\Users\HP\.m2\repository\org\apache\poi\poi\5.2.2\poi-5.2.2.jar;C:\Users\HP\.m2\repository\commons-codec\commons-codec\1.15\commons-codec-1.15.jar;C:\Users\HP\.m2\repository\org\apache\commons\commons-collections4\4.4\commons-collections4-4.4.jar;C:\Users\HP\.m2\repository\org\apache\commons\commons-math3\3.6.1\commons-math3-3.6.1.jar;C:\Users\HP\.m2\repository\com\zaxxer\SparseBitSet\1.2\SparseBitSet-1.2.jar;C:\Users\HP\.m2\repository\org\apache\logging\log4j\log4j-api\2.17.2\log4j-api-2.17.2.jar;C:\Users\HP\.m2\repository\org\apache\poi\poi-ooxml\5.2.2\poi-ooxml-5.2.2.jar;C:\Users\HP\.m2\repository\org\apache\poi\poi-ooxml-lite\5.2.2\poi-ooxml-lite-5.2.2.jar;C:\Users\HP\.m2\repository\org\apache\xmlbeans\xmlbeans\5.0.3\xmlbeans-5.0.3.jar;C:\Users\HP\.m2\repository\org\apache\commons\commons-compress\1.21\commons-compress-1.21.jar;C:\Users\HP\.m2\repository\com\github\virtuald\curvesapi\1.07\curvesapi-1.07.jar;C:\Users\HP\.m2\repository\com\aventstack\extentreports\5.0.9\extentreports-5.0.9.jar;C:\Users\HP\.m2\repository\io\reactivex\rxjava3\rxjava\3.0.4\rxjava-3.0.4.jar;C:\Users\HP\.m2\repository\org\reactivestreams\reactive-streams\1.0.3\reactive-streams-1.0.3.jar;C:\Users\HP\.m2\repository\org\freemarker\freemarker\2.3.30\freemarker-2.3.30.jar;C:\Users\HP\.m2\repository\org\testng\testng\7.7.1\testng-7.7.1.jar;C:\Users\HP\.m2\repository\com\beust\jcommander\1.82\jcommander-1.82.jar;C:\Users\HP\.m2\repository\org\webjars\jquery\3.6.1\jquery-3.6.1.jar;C:\Users\HP\.m2\repository\log4j\log4j\1.2.17\log4j-1.2.17.jar;C:\Users\HP\.m2\repository\org\projectlombok\lombok\1.18.30\lombok-1.18.30.jar;"/>
    <property name="sun.cpu.endian" value="little"/>
    <property name="user.home" value="C:\Users\HP"/>
    <property name="user.language" value="en"/>
    <property name="java.specification.vendor" value="Oracle Corporation"/>
    <property name="java.version.date" value="2023-07-18"/>
    <property name="java.home" value="C:\Users\HP\.p2\pool\plugins\org.eclipse.justj.openjdk.hotspot.jre.full.win32.x86_64_17.0.8.v20230801-1951\jre"/>
    <property name="file.separator" value="\"/>
    <property name="style.color" value="always"/>
    <property name="basedir" value="C:\Users\HP\eclipse-workspace\AddSelPractice"/>
    <property name="java.vm.compressedOopsMode" value="32-bit"/>
    <property name="line.separator" value="&#10;"/>
    <property name="java.vm.specification.vendor" value="Oracle Corporation"/>
    <property name="java.specification.name" value="Java Platform API Specification"/>
    <property name="surefire.real.class.path" value="C:\Users\HP\AppData\Local\Temp\surefire9607738825159768806\surefirebooter-20250505090821178_3.jar"/>
    <property name="user.script" value=""/>
    <property name="sun.management.compiler" value="HotSpot 64-Bit Tiered Compilers"/>
    <property name="java.runtime.version" value="17.0.8+7"/>
    <property name="user.name" value="HP"/>
    <property name="path.separator" value=";"/>
    <property name="os.version" value="10.0"/>
    <property name="java.runtime.name" value="OpenJDK Runtime Environment"/>
    <property name="file.encoding" value="Cp1252"/>
    <property name="java.vm.name" value="OpenJDK 64-Bit Server VM"/>
    <property name="java.vendor.version" value="Temurin-17.0.8+7"/>
    <property name="localRepository" value="C:\Users\HP\.m2\repository"/>
    <property name="java.vendor.url.bug" value="https://github.com/adoptium/adoptium-support/issues"/>
    <property name="java.io.tmpdir" value="C:\Users\HP\AppData\Local\Temp\"/>
    <property name="java.version" value="17.0.8"/>
    <property name="user.dir" value="C:\Users\HP\eclipse-workspace\AddSelPractice"/>
    <property name="os.arch" value="amd64"/>
    <property name="webdriver.gecko.driver" value="C:\Users\HP\.m2\repository\webdriver\geckodriver\win64\0.31.0\geckodriver.exe"/>
    <property name="java.vm.specification.name" value="Java Virtual Machine Specification"/>
    <property name="sun.os.patch.level" value=""/>
    <property name="native.encoding" value="Cp1252"/>
    <property name="java.library.path" value="C:\Users\HP\.p2\pool\plugins\org.eclipse.justj.openjdk.hotspot.jre.full.win32.x86_64_17.0.8.v20230801-1951\jre\bin;C:\WINDOWS\Sun\Java\bin;C:\WINDOWS\system32;C:\WINDOWS;C:/Users/HP/.p2/pool/plugins/org.eclipse.justj.openjdk.hotspot.jre.full.win32.x86_64_17.0.8.v20230801-1951/jre/bin/server;C:/Users/HP/.p2/pool/plugins/org.eclipse.justj.openjdk.hotspot.jre.full.win32.x86_64_17.0.8.v20230801-1951/jre/bin;C:\Program Files\Common Files\Oracle\Java\javapath;D:\oracle\product\10.2.0\db_1\bin;C:\Python311\Scripts\;C:\Python311\;C:\windows\system32;C:\windows;C:\windows\System32\Wbem;C:\windows\System32\WindowsPowerShell\v1.0\;C:\windows\System32\OpenSSH\;C:\Program Files\nodejs\;C:\ProgramData\chocolatey\bin;C:\Program Files\Java\jdk-21\bin;C:\Program Files\apache-maven-3.9.5\bin;C:\Program Files\HP\HP One Agent;C:\WINDOWS\system32;C:\WINDOWS;C:\WINDOWS\System32\Wbem;C:\WINDOWS\System32\WindowsPowerShell\v1.0\;C:\WINDOWS\System32\OpenSSH\;C:\Users\HP\AppData\Local\Microsoft\WindowsApps;C:\Users\HP\AppData\Roaming\npm;;C:\Users\HP\Desktop;;."/>
    <property name="java.vm.info" value="mixed mode"/>
    <property name="java.vendor" value="Eclipse Adoptium"/>
    <property name="java.vm.version" value="17.0.8+7"/>
    <property name="sun.io.unicode.encoding" value="UnicodeLittle"/>
    <property name="java.class.version" value="61.0"/>
  </properties>
  <testcase name="swapp" classname="com.KanchanPractce.InvocationCountTest" time="0.01">
    <system-out><![CDATA[a :- 20
b :- 10
]]></system-out>
    <system-err><![CDATA[SLF4J: Failed to load class "org.slf4j.impl.StaticLoggerBinder".
SLF4J: Defaulting to no-operation (NOP) logger implementation
SLF4J: See http://www.slf4j.org/codes.html#StaticLoggerBinder for further details.
]]></system-err>
  </testcase>
  <testcase name="swapp" classname="com.KanchanPractce.InvocationCountTest" time="0.0">
    <system-out><![CDATA[a :- 20
b :- 10
]]></system-out>
  </testcase>
  <testcase name="userName" classname="com.KanchanPractce.TestngFeatures" time="0.001">
    <system-out><![CDATA[enter username
]]></system-out>
    <system-err><![CDATA[log4j:WARN No appenders could be found for logger (org.apache.http.client.protocol.RequestAddCookies).
log4j:WARN Please initialize the log4j system properly.
log4j:WARN See http://logging.apache.org/log4j/1.2/faq.html#noconfig for more info.
ERROR StatusLogger Log4j2 could not find a logging implementation. Please add log4j-core to the classpath. Using SimpleLogger to log to the console...
1746416303676	geckodriver	INFO	Listening on 127.0.0.1:17668
1746416303985	mozrunner::runner	INFO	Running command: "C:\\Program Files\\Mozilla Firefox\\firefox.exe" "--marionette" "--remote-debugging-port" "13318" "--remote-allow-hosts" "localhost" "--remote-allow-origins" "http://127.0.0.1:13318/,http://localhost:13318/,http://[::1]:13318/" "-no-remote" "-profile" "C:\\Users\\HP\\AppData\\Local\\Temp\\rust_mozprofileByVjWn"
console.warn: services.settings: Ignoring preference override of remote settings server
console.warn: services.settings: Allow by setting MOZ_REMOTE_SETTINGS_DEVTOOLS=1 in the environment
Dynamically enable window occlusion 0
1746416304326	Marionette	INFO	Marionette enabled
1746416304463	Marionette	INFO	Listening on port 65279
WebDriver BiDi listening on ws://127.0.0.1:13318
Read port: 65279
1746416304626	RemoteAgent	WARN	TLS certificate errors will be ignored for this session
]]></system-err>
  </testcase>
  <testcase name="login" classname="com.KanchanPractce.TestngFeatures" time="0.002">
    <system-out><![CDATA[Click on submitt button
]]></system-out>
    <system-err><![CDATA[1746416308974	Marionette	INFO	Stopped listening on port 65279
Dynamically enable window occlusion 1
JavaScript warning: https://www.googletagmanager.com/gtag/js?id=G-JLJFWVDS10, line 655: Script terminated by timeout at:
k.di@https://www.googletagmanager.com/gtag/js?id=G-JLJFWVDS10:655:30
get@https://www.googletagmanager.com/gtag/js?id=G-JLJFWVDS10:653:119
stop@https://www.googletagmanager.com/gtag/js?id=G-JLJFWVDS10:653:87
k.bm/c/<@https://www.googletagmanager.com/gtag/js?id=G-JLJFWVDS10:653:410

1746416310220	geckodriver	INFO	Listening on 127.0.0.1:42414
1746416310287	mozrunner::runner	INFO	Running command: "C:\\Program Files\\Mozilla Firefox\\firefox.exe" "--marionette" "--remote-debugging-port" "18870" "--remote-allow-hosts" "localhost" "--remote-allow-origins" "http://127.0.0.1:18870/,http://localhost:18870/,http://[::1]:18870/" "-no-remote" "-profile" "C:\\Users\\HP\\AppData\\Local\\Temp\\rust_mozprofilemXRvW6"
console.warn: services.settings: Ignoring preference override of remote settings server
console.warn: services.settings: Allow by setting MOZ_REMOTE_SETTINGS_DEVTOOLS=1 in the environment
Dynamically enable window occlusion 0
1746416310638	Marionette	INFO	Marionette enabled
1746416310781	Marionette	INFO	Listening on port 65311
WebDriver BiDi listening on ws://127.0.0.1:18870
Read port: 65311
1746416310915	RemoteAgent	WARN	TLS certificate errors will be ignored for this session
]]></system-err>
  </testcase>
  <testcase name="password" classname="com.KanchanPractce.TestngFeatures" time="0.001">
    <system-out><![CDATA[Enter password
]]></system-out>
    <system-err><![CDATA[1746416314720	Marionette	INFO	Stopped listening on port 65311
Dynamically enable window occlusion 1
JavaScript warning: https://www.googletagmanager.com/gtag/js?id=G-JLJFWVDS10, line 164: Script terminated by timeout at:
Fc/<@https://www.googletagmanager.com/gtag/js?id=G-JLJFWVDS10:164:407

1746416315944	geckodriver	INFO	Listening on 127.0.0.1:40820
1746416315988	mozrunner::runner	INFO	Running command: "C:\\Program Files\\Mozilla Firefox\\firefox.exe" "--marionette" "--remote-debugging-port" "29125" "--remote-allow-hosts" "localhost" "--remote-allow-origins" "http://127.0.0.1:29125/,http://localhost:29125/,http://[::1]:29125/" "-no-remote" "-profile" "C:\\Users\\HP\\AppData\\Local\\Temp\\rust_mozprofileAkX4lC"
console.warn: services.settings: Ignoring preference override of remote settings server
console.warn: services.settings: Allow by setting MOZ_REMOTE_SETTINGS_DEVTOOLS=1 in the environment
Dynamically enable window occlusion 0
1746416316291	Marionette	INFO	Marionette enabled
1746416316417	Marionette	INFO	Listening on port 65344
Read port: 65344
WebDriver BiDi listening on ws://127.0.0.1:29125
1746416316500	RemoteAgent	WARN	TLS certificate errors will be ignored for this session
]]></system-err>
  </testcase>
  <testcase name="checkTest" classname="com.KanchanPractce.GoogleTest" time="0.011">
    <system-out><![CDATA[Online Shopping site in India: Shop Online for Mobiles, Books, Watches, Shoes and More - Amazon.in
]]></system-out>
    <system-err><![CDATA[1746416320103	Marionette	INFO	Stopped listening on port 65344
Dynamically enable window occlusion 1
JavaScript warning: https://www.googletagmanager.com/gtag/js?id=G-JLJFWVDS10, line 654: Script terminated by timeout at:
k.di@https://www.googletagmanager.com/gtag/js?id=G-JLJFWVDS10:654:30
get@https://www.googletagmanager.com/gtag/js?id=G-JLJFWVDS10:652:119
stop@https://www.googletagmanager.com/gtag/js?id=G-JLJFWVDS10:652:87
k.bm/c/<@https://www.googletagmanager.com/gtag/js?id=G-JLJFWVDS10:652:410

1746416321320	geckodriver	INFO	Listening on 127.0.0.1:26289
1746416321373	mozrunner::runner	INFO	Running command: "C:\\Program Files\\Mozilla Firefox\\firefox.exe" "--marionette" "--remote-debugging-port" "16025" "--remote-allow-hosts" "localhost" "--remote-allow-origins" "http://127.0.0.1:16025/,http://localhost:16025/,http://[::1]:16025/" "-no-remote" "-profile" "C:\\Users\\HP\\AppData\\Local\\Temp\\rust_mozprofileX2wgWk"
console.warn: services.settings: Ignoring preference override of remote settings server
console.warn: services.settings: Allow by setting MOZ_REMOTE_SETTINGS_DEVTOOLS=1 in the environment
Dynamically enable window occlusion 0
1746416321672	Marionette	INFO	Marionette enabled
1746416321798	Marionette	INFO	Listening on port 65378
Read port: 65378
WebDriver BiDi listening on ws://127.0.0.1:16025
1746416321870	RemoteAgent	WARN	TLS certificate errors will be ignored for this session
JavaScript warning: https://www.amazon.in/, line 3770: WEBGL_debug_renderer_info is deprecated in Firefox and will be removed. Please use RENDERER.
]]></system-err>
  </testcase>
  <testcase name="checkIndia" classname="com.KanchanPractce.GoogleTest" time="0.271">
    <system-out><![CDATA[true
]]></system-out>
    <system-err><![CDATA[1746416325006	Marionette	INFO	Stopped listening on port 65378
Dynamically enable window occlusion 1
JavaScript warning: https://images-eu.ssl-images-amazon.com/images/I/51f0fTxBUzL._RC|71qEgMXA+ZL.js,01F+A05ogQL.js,01VfhmbHmKL.js,71NM1ijDSFL.js,01cZ21lATAL.js,01bAfFgS7JL.js,01A2AtmCtlL.js,41jBieyCvYL.js,01wXnKULArL.js,01+pnQJuQ0L.js,21B24ikNJUL.js,41J5Xj+1TcL.js,51jIBA6BvSL.js,31XO9BO1OrL.js,11lw6J7z8iL.js,31NSDarX4TL.js,01VYGE8lGhL.js_.js?AUIClients/NavDesktopUberAsset#desktop.language-en.in.1173925-T1.1202466-T1.1089549-T1.1195494-T1.1089717-T1.1126664-T1.310484-T1.1179039-T1.1172084-T1.1195549-T1, line 148: Script terminated by timeout at:
k@https://images-eu.ssl-images-amazon.com/images/I/51f0fTxBUzL._RC|71qEgMXA+ZL.js,01F+A05ogQL.js,01VfhmbHmKL.js,71NM1ijDSFL.js,01cZ21lATAL.js,01bAfFgS7JL.js,01A2AtmCtlL.js,41jBieyCvYL.js,01wXnKULArL.js,01+pnQJuQ0L.js,21B24ikNJUL.js,41J5Xj+1TcL.js,51jIBA6BvSL.js,31XO9BO1OrL.js,11lw6J7z8iL.js,31NSDarX4TL.js,01VYGE8lGhL.js_.js?AUIClients/NavDesktopUberAsset#desktop.language-en.in.1173925-T1.1202466-T1.1089549-T1.1195494-T1.1089717-T1.1126664-T1.310484-T1.1179039-T1.1172084-T1.1195549-T1:148:103
add@https://images-eu.ssl-images-amazon.com/images/I/51f0fTxBUzL._RC|71qEgMXA+ZL.js,01F+A05ogQL.js,01VfhmbHmKL.js,71NM1ijDSFL.js,01cZ21lATAL.js,01bAfFgS7JL.js,01A2AtmCtlL.js,41jBieyCvYL.js,01wXnKULArL.js,01+pnQJuQ0L.js,21B24ikNJUL.js,41J5Xj+1TcL.js,51jIBA6BvSL.js,31XO9BO1OrL.js,11lw6J7z8iL.js,31NSDarX4TL.js,01VYGE8lGhL.js_.js?AUIClients/NavDesktopUberAsset#desktop.language-en.in.1173925-T1.1202466-T1.1089549-T1.1195494-T1.1089717-T1.1126664-T1.310484-T1.1179039-T1.1172084-T1.1195549-T1:148:333
@https://www.amazon.in/:2366:17
getResult/this.data.result<@https://images-eu.ssl-images-amazon.com/images/I/51f0fTxBUzL._RC|71qEgMXA+ZL.js,01F+A05ogQL.js,01VfhmbHmKL.js,71NM1ijDSFL.js,01cZ21lATAL.js,01bAfFgS7JL.js,01A2AtmCtlL.js,41jBieyCvYL.js,01wXnKULArL.js,01+pnQJuQ0L.js,21B24ikNJUL.js,41J5Xj+1TcL.js,51jIBA6BvSL.js,31XO9BO1OrL.js,11lw6J7z8iL.js,31NSDarX4TL.js,01VYGE8lGhL.js_.js?AUIClients/NavDesktopUberAsset#desktop.language-en.in.1173925-T1.1202466-T1.1089549-T1.1195494-T1.1089717-T1.1126664-T1.310484-T1.1179039-T1.1172084-T1.1195549-T1:16:52
m@https://images-eu.ssl-images-amazon.com/images/I/51f0fTxBUzL._RC|71qEgMXA+ZL.js,01F+A05ogQL.js,01VfhmbHmKL.js,71NM1ijDSFL.js,01cZ21lATAL.js,01bAfFgS7JL.js,01A2AtmCtlL.js,41jBieyCvYL.js,01wXnKULArL.js,01+pnQJuQ0L.js,21B24ikNJUL.js,41J5Xj+1TcL.js,51jIBA6BvSL.js,31XO9BO1OrL.js,11lw6J7z8iL.js,31NSDarX4TL.js,01VYGE8lGhL.js_.js?AUIClients/NavDesktopUberAsset#desktop.language-en.in.1173925-T1.1202466-T1.1089549-T1.1195494-T1.1089717-T1.1126664-T1.310484-T1.1179039-T1.1172084-T1.1195549-T1:6:275
getResult@https://images-eu.ssl-images-amazon.com/images/I/51f0fTxBUzL._RC|71qEgMXA+ZL.js,01F+A05ogQL.js,01VfhmbHmKL.js,71NM1ijDSFL.js,01cZ21lATAL.js,01bAfFgS7JL.js,01A2AtmCtlL.js,41jBieyCvYL.js,01wXnKULArL.js,01+pnQJuQ0L.js,21B24ikNJUL.js,41J5Xj+1TcL.js,51jIBA6BvSL.js,31XO9BO1OrL.js,11lw6J7z8iL.js,31NSDarX4TL.js,01VYGE8lGhL.js_.js?AUIClients/NavDesktopUberAsset#desktop.language-en.in.1173925-T1.1202466-T1.1089549-T1.1195494-T1.1089717-T1.1126664-T1.310484-T1.1179039-T1.1172084-T1.1195549-T1:16:19
execute@https://images-eu.ssl-images-amazon.com/images/I/51f0fTxBUzL._RC|71qEgMXA+ZL.js,01F+A05ogQL.js,01VfhmbHmKL.js,71NM1ijDSFL.js,01cZ21lATAL.js,01bAfFgS7JL.js,01A2AtmCtlL.js,41jBieyCvYL.js,01wXnKULArL.js,01+pnQJuQ0L.js,21B24ikNJUL.js,41J5Xj+1TcL.js,51jIBA6BvSL.js,31XO9BO1OrL.js,11lw6J7z8iL.js,31NSDarX4TL.js,01VYGE8lGhL.js_.js?AUIClients/NavDesktopUberAsset#desktop.language-en.in.1173925-T1.1202466-T1.1089549-T1.1195494-T1.1089717-T1.1126664-T1.310484-T1.1179039-T1.1172084-T1.1195549-T1:14:262
b@https://images-eu.ssl-images-amazon.com/images/I/51f0fTxBUzL._RC|71qEgMXA+ZL.js,01F+A05ogQL.js,01VfhmbHmKL.js,71NM1ijDSFL.js,01cZ21lATAL.js,01bAfFgS7JL.js,01A2AtmCtlL.js,41jBieyCvYL.js,01wXnKULArL.js,01+pnQJuQ0L.js,21B24ikNJUL.js,41J5Xj+1TcL.js,51jIBA6BvSL.js,31XO9BO1OrL.js,11lw6J7z8iL.js,31NSDarX4TL.js,01VYGE8lGhL.js_.js?AUIClients/NavDesktopUberAsset#desktop.language-en.in.1173925-T1.1202466-T1.1089549-T1.1195494-T1.1089717-T1.1126664-T1.310484-T1.1179039-T1.1172084-T1.1195549-T1:16:457
c@https://images-eu.ssl-images-amazon.com/images/I/51f0fTxBUzL._RC|71qEgMXA+ZL.js,01F+A05ogQL.js,01VfhmbHmKL.js,71NM1ijDSFL.js,01cZ21lATAL.js,01bAfFgS7JL.js,01A2AtmCtlL.js,41jBieyCvYL.js,01wXnKULArL.js,01+pnQJuQ0L.js,21B24ikNJUL.js,41J5Xj+1TcL.js,51jIBA6BvSL.js,31XO9BO1OrL.js,11lw6J7z8iL.js,31NSDarX4TL.js,01VYGE8lGhL.js_.js?AUIClients/NavDesktopUberAsset#desktop.language-en.in.1173925-T1.1202466-T1.1089549-T1.1195494-T1.1089717-T1.1126664-T1.310484-T1.1179039-T1.1172084-T1.1195549-T1:6:487

JavaScript error: resource://gre/actors/ContentMetaChild.sys.mjs, line 177: InvalidStateError: JSWindowActorChild.sendAsyncMessage: JSWindowActorChild cannot send at the moment
1746416326882	geckodriver	INFO	Listening on 127.0.0.1:22263
1746416326936	mozrunner::runner	INFO	Running command: "C:\\Program Files\\Mozilla Firefox\\firefox.exe" "--marionette" "--remote-debugging-port" "42754" "--remote-allow-hosts" "localhost" "--remote-allow-origins" "http://127.0.0.1:42754/,http://localhost:42754/,http://[::1]:42754/" "-no-remote" "-profile" "C:\\Users\\HP\\AppData\\Local\\Temp\\rust_mozprofileHy5tq0"
console.warn: services.settings: Ignoring preference override of remote settings server
console.warn: services.settings: Allow by setting MOZ_REMOTE_SETTINGS_DEVTOOLS=1 in the environment
Dynamically enable window occlusion 0
1746416327306	Marionette	INFO	Marionette enabled
1746416327442	Marionette	INFO	Listening on port 65429
WebDriver BiDi listening on ws://127.0.0.1:42754
Read port: 65429
1746416327595	RemoteAgent	WARN	TLS certificate errors will be ignored for this session
JavaScript warning: https://www.amazon.in/, line 3628: WEBGL_debug_renderer_info is deprecated in Firefox and will be removed. Please use RENDERER.
]]></system-err>
  </testcase>
  <testcase name="search" classname="com.KanchanPractce.GoogleTest" time="0.088">
    <system-out><![CDATA[true
]]></system-out>
    <system-err><![CDATA[1746416331332	Marionette	INFO	Stopped listening on port 65429
Dynamically enable window occlusion 1
JavaScript warning: https://m.media-amazon.com/images/I/61xJcNKKLXL.js?AUIClients/AmazonUIjQuery, line 44: Script terminated by timeout at:
camelCase@https://m.media-amazon.com/images/I/61xJcNKKLXL.js?AUIClients/AmazonUIjQuery:44:529
data@https://m.media-amazon.com/images/I/61xJcNKKLXL.js?AUIClients/AmazonUIjQuery:61:354
queue@https://m.media-amazon.com/images/I/61xJcNKKLXL.js?AUIClients/AmazonUIjQuery:65:105
queue/<@https://m.media-amazon.com/images/I/61xJcNKKLXL.js?AUIClients/AmazonUIjQuery:66:51
each@https://m.media-amazon.com/images/I/61xJcNKKLXL.js?AUIClients/AmazonUIjQuery:45:345
each@https://m.media-amazon.com/images/I/61xJcNKKLXL.js?AUIClients/AmazonUIjQuery:38:499
queue@https://m.media-amazon.com/images/I/61xJcNKKLXL.js?AUIClients/AmazonUIjQuery:66:27
animate@https://m.media-amazon.com/images/I/61xJcNKKLXL.js?AUIClients/AmazonUIjQuery:182:9
updateScrollThumb/<@https://images-eu.ssl-images-amazon.com/images/I/11lCLXBMk5L._RC|61YBxGSpjrL.js_.js?AUIClients/AmazonGatewayAuiAssets:1710:19
each@https://m.media-amazon.com/images/I/61xJcNKKLXL.js?AUIClients/AmazonUIjQuery:45:345
each@https://m.media-amazon.com/images/I/61xJcNKKLXL.js?AUIClients/AmazonUIjQuery:38:499
updateScrollThumb@https://images-eu.ssl-images-amazon.com/images/I/11lCLXBMk5L._RC|61YBxGSpjrL.js_.js?AUIClients/AmazonGatewayAuiAssets:1708:34
updateControls@https://images-eu.ssl-images-amazon.com/images/I/11lCLXBMk5L._RC|61YBxGSpjrL.js_.js?AUIClients/AmazonGatewayAuiAssets:1641:14
bindEvents/<@https://images-eu.ssl-images-amazon.com/images/I/11lCLXBMk5L._RC|61YBxGSpjrL.js_.js?AUIClients/AmazonGatewayAuiAssets:1409:16
handle@https://m.media-amazon.com/images/I/61xJcNKKLXL.js?AUIClients/AmazonUIjQuery:87:397
k@https://m.media-amazon.com/images/I/61xJcNKKLXL.js?AUIClients/AmazonUIjQuery:81:257
trigger@https://m.media-amazon.com/images/I/61xJcNKKLXL.js?AUIClients/AmazonUIjQuery:86:80
trigger/<@https://m.media-amazon.com/images/I/61xJcNKKLXL.js?AUIClients/AmazonUIjQuery:99:506
each@https://m.media-amazon.com/images/I/61xJcNKKLXL.js?AUIClients/AmazonUIjQuery:45:345
each@https://m.media-amazon.com/images/I/61xJcNKKLXL.js?AUIClients/AmazonUIjQuery:38:499
trigger@https://m.media-amazon.com/images/I/61xJcNKKLXL.js?AUIClients/AmazonUIjQuery:99:482
bindImageLoadEvents/<@https://images-eu.ssl-images-amazon.com/images/I/11lCLXBMk5L._RC|61YBxGSpjrL.js_.js?AUIClients/AmazonGatewayAuiAssets:1544:26
h@https://m.media-amazon.com/images/I/61xJcNKKLXL.js?AUIClients/AmazonUIjQuery:98:436
handle@https://m.media-amazon.com/images/I/61xJcNKKLXL.js?AUIClients/AmazonUIjQuery:87:397
k@https://m.media-amazon.com/images/I/61xJcNKKLXL.js?AUIClients/AmazonUIjQuery:81:257

1746416332898	geckodriver	INFO	Listening on 127.0.0.1:32138
1746416332951	mozrunner::runner	INFO	Running command: "C:\\Program Files\\Mozilla Firefox\\firefox.exe" "--marionette" "--remote-debugging-port" "15006" "--remote-allow-hosts" "localhost" "--remote-allow-origins" "http://127.0.0.1:15006/,http://localhost:15006/,http://[::1]:15006/" "-no-remote" "-profile" "C:\\Users\\HP\\AppData\\Local\\Temp\\rust_mozprofile9pdtK4"
console.warn: services.settings: Ignoring preference override of remote settings server
console.warn: services.settings: Allow by setting MOZ_REMOTE_SETTINGS_DEVTOOLS=1 in the environment
Dynamically enable window occlusion 0
1746416333255	Marionette	INFO	Marionette enabled
1746416333391	Marionette	INFO	Listening on port 65477
Read port: 65477
WebDriver BiDi listening on ws://127.0.0.1:15006
1746416333459	RemoteAgent	WARN	TLS certificate errors will be ignored for this session
JavaScript warning: https://www.amazon.in/, line 3752: WEBGL_debug_renderer_info is deprecated in Firefox and will be removed. Please use RENDERER.
]]></system-err>
  </testcase>
  <testcase name="test1" classname="com.KanchanPractce.GoogleTest" time="0.001">
    <system-out><![CDATA[test1
]]></system-out>
    <system-err><![CDATA[1746416337932	Marionette	INFO	Stopped listening on port 65477
Dynamically enable window occlusion 1
JavaScript warning: https://m.media-amazon.com/images/I/11zuylp74DL._RC|11Y+5x+kkTL.js,51LPrROZ2JL.js,11EeeaacI2L.js,11GgN1+C7hL.js,01+z+uIeJ-L.js,01VRMV3FBdL.js,21NadQlXUWL.js,012FVc3131L.js,11a7qqY8xXL.js,11rRjDLdAVL.js,51zH7YD-TsL.js,11FhdH2HZwL.js,11wb9K3sw0L.js,11BrgrMAHUL.js,11GYEyswV2L.js,210X-JWUe-L.js,01Svfxfy8OL.js,518u7YD3VHL.js,01JYHc2oIlL.js,31nfKXylf6L.js,01ktRCtOqKL.js,01ASnt2lbqL.js,11F929pmpYL.js,31vxRYDelFL.js,01rpauTep4L.js,31wjiT+nvTL.js,011FfPwYqHL.js,213iL7Jf1nL.js,014gnDeJDsL.js,11vb6P5C5AL.js,01UExRvQDKL.js_.js?AUIClients/AmazonUI#372963-T1, line 3: Script terminated by timeout at:
@https://m.media-amazon.com/images/I/11zuylp74DL._RC|11Y+5x+kkTL.js,51LPrROZ2JL.js,11EeeaacI2L.js,11GgN1+C7hL.js,01+z+uIeJ-L.js,01VRMV3FBdL.js,21NadQlXUWL.js,012FVc3131L.js,11a7qqY8xXL.js,11rRjDLdAVL.js,51zH7YD-TsL.js,11FhdH2HZwL.js,11wb9K3sw0L.js,11BrgrMAHUL.js,11GYEyswV2L.js,210X-JWUe-L.js,01Svfxfy8OL.js,518u7YD3VHL.js,01JYHc2oIlL.js,31nfKXylf6L.js,01ktRCtOqKL.js,01ASnt2lbqL.js,11F929pmpYL.js,31vxRYDelFL.js,01rpauTep4L.js,31wjiT+nvTL.js,011FfPwYqHL.js,213iL7Jf1nL.js,014gnDeJDsL.js,11vb6P5C5AL.js,01UExRvQDKL.js_.js?AUIClients/AmazonUI#372963-T1:3:254

1746416339440	geckodriver	INFO	Listening on 127.0.0.1:33534
1746416339486	mozrunner::runner	INFO	Running command: "C:\\Program Files\\Mozilla Firefox\\firefox.exe" "--marionette" "--remote-debugging-port" "23863" "--remote-allow-hosts" "localhost" "--remote-allow-origins" "http://127.0.0.1:23863/,http://localhost:23863/,http://[::1]:23863/" "-no-remote" "-profile" "C:\\Users\\HP\\AppData\\Local\\Temp\\rust_mozprofileuzVx1F"
console.warn: services.settings: Ignoring preference override of remote settings server
console.warn: services.settings: Allow by setting MOZ_REMOTE_SETTINGS_DEVTOOLS=1 in the environment
Dynamically enable window occlusion 0
1746416339877	Marionette	INFO	Marionette enabled
1746416340005	Marionette	INFO	Listening on port 65529
WebDriver BiDi listening on ws://127.0.0.1:23863
Read port: 65529
1746416340128	RemoteAgent	WARN	TLS certificate errors will be ignored for this session
JavaScript warning: https://www.amazon.in/, line 3784: WEBGL_debug_renderer_info is deprecated in Firefox and will be removed. Please use RENDERER.
]]></system-err>
  </testcase>
  <testcase name="test2" classname="com.KanchanPractce.GoogleTest" time="0.0">
    <system-out><![CDATA[test2
]]></system-out>
    <system-err><![CDATA[1746416343427	Marionette	INFO	Stopped listening on port 65529
Dynamically enable window occlusion 1
JavaScript warning: https://m.media-amazon.com/images/I/61xJcNKKLXL.js?AUIClients/AmazonUIjQuery, line 132: Script terminated by timeout at:
find@https://m.media-amazon.com/images/I/61xJcNKKLXL.js?AUIClients/AmazonUIjQuery:132:338
init@https://m.media-amazon.com/images/I/61xJcNKKLXL.js?AUIClients/AmazonUIjQuery:36:451
b@https://m.media-amazon.com/images/I/61xJcNKKLXL.js?AUIClients/AmazonUIjQuery:34:396
@https://m.media-amazon.com/images/I/11zuylp74DL._RC|11Y+5x+kkTL.js,51LPrROZ2JL.js,11EeeaacI2L.js,11GgN1+C7hL.js,01+z+uIeJ-L.js,01VRMV3FBdL.js,21NadQlXUWL.js,012FVc3131L.js,11a7qqY8xXL.js,11rRjDLdAVL.js,51zH7YD-TsL.js,11FhdH2HZwL.js,11wb9K3sw0L.js,11BrgrMAHUL.js,11GYEyswV2L.js,210X-JWUe-L.js,01Svfxfy8OL.js,518u7YD3VHL.js,01JYHc2oIlL.js,31nfKXylf6L.js,01ktRCtOqKL.js,01ASnt2lbqL.js,11F929pmpYL.js,31vxRYDelFL.js,01rpauTep4L.js,31wjiT+nvTL.js,011FfPwYqHL.js,213iL7Jf1nL.js,014gnDeJDsL.js,11vb6P5C5AL.js,01UExRvQDKL.js_.js?AUIClients/AmazonUI#372963-T1:457:329
n@https://www.amazon.in/:118:307
M/</<@https://www.amazon.in/:120:111
z@https://www.amazon.in/:121:278

JavaScript error: resource://gre/actors/ContentMetaChild.sys.mjs, line 177: InvalidStateError: JSWindowActorChild.sendAsyncMessage: JSWindowActorChild cannot send at the moment
1746416345589	geckodriver	INFO	Listening on 127.0.0.1:27801
1746416345628	mozrunner::runner	INFO	Running command: "C:\\Program Files\\Mozilla Firefox\\firefox.exe" "--marionette" "--remote-debugging-port" "25327" "--remote-allow-hosts" "localhost" "--remote-allow-origins" "http://127.0.0.1:25327/,http://localhost:25327/,http://[::1]:25327/" "-no-remote" "-profile" "C:\\Users\\HP\\AppData\\Local\\Temp\\rust_mozprofile52n6hX"
console.warn: services.settings: Ignoring preference override of remote settings server
console.warn: services.settings: Allow by setting MOZ_REMOTE_SETTINGS_DEVTOOLS=1 in the environment
Dynamically enable window occlusion 0
1746416345993	Marionette	INFO	Marionette enabled
1746416346138	Marionette	INFO	Listening on port 49193
WebDriver BiDi listening on ws://127.0.0.1:25327
Read port: 49193
1746416346258	RemoteAgent	WARN	TLS certificate errors will be ignored for this session
JavaScript warning: https://www.amazon.in/, line 3757: WEBGL_debug_renderer_info is deprecated in Firefox and will be removed. Please use RENDERER.
]]></system-err>
  </testcase>
  <testcase name="test3" classname="com.KanchanPractce.GoogleTest" time="0.002">
    <system-out><![CDATA[test3
]]></system-out>
    <system-err><![CDATA[1746416352179	Marionette	INFO	Stopped listening on port 49193
Dynamically enable window occlusion 1
JavaScript warning: https://www.amazon.in/, line 3702: Script terminated by timeout at:
l@https://www.amazon.in/:3702:262

1746416353638	geckodriver	INFO	Listening on 127.0.0.1:31762
1746416353687	mozrunner::runner	INFO	Running command: "C:\\Program Files\\Mozilla Firefox\\firefox.exe" "--marionette" "--remote-debugging-port" "13146" "--remote-allow-hosts" "localhost" "--remote-allow-origins" "http://127.0.0.1:13146/,http://localhost:13146/,http://[::1]:13146/" "-no-remote" "-profile" "C:\\Users\\HP\\AppData\\Local\\Temp\\rust_mozprofile8oz3Iu"
console.warn: services.settings: Ignoring preference override of remote settings server
console.warn: services.settings: Allow by setting MOZ_REMOTE_SETTINGS_DEVTOOLS=1 in the environment
Dynamically enable window occlusion 0
1746416354015	Marionette	INFO	Marionette enabled
1746416354163	Marionette	INFO	Listening on port 49254
WebDriver BiDi listening on ws://127.0.0.1:13146
Read port: 49254
1746416354315	RemoteAgent	WARN	TLS certificate errors will be ignored for this session
JavaScript warning: https://www.amazon.in/, line 3758: WEBGL_debug_renderer_info is deprecated in Firefox and will be removed. Please use RENDERER.
]]></system-err>
  </testcase>
</testsuite>