<?xml version="1.0" encoding="UTF-8"?>
<!-- Generated by org.testng.reporters.JUnitReportReporter -->
<testsuite hostname="Kanchan" failures="0" tests="3" name="com.KanchanPractce.TestngFeatures" time="28.712" errors="0" timestamp="2025-04-25T21:46:31 IST" skipped="0">
  <testcase classname="com.KanchanPractce.TestngFeatures" name="login" time="8.720"/>
  <system-out/>
  <testcase classname="com.KanchanPractce.TestngFeatures" name="userName" time="10.858"/>
  <system-out/>
  <testcase classname="com.KanchanPractce.TestngFeatures" name="password" time="9.134"/>
  <system-out/>
</testsuite> <!-- com.KanchanPractce.TestngFeatures -->
