<?xml version="1.0" encoding="UTF-8"?>
<!-- Generated by org.testng.reporters.JUnitReportReporter -->
<testsuite hostname="Kanchan" failures="0" tests="3" name="com.KanchanPractce.TestngFeatures" time="21.796" errors="0" timestamp="2025-04-28T21:47:58 IST" skipped="0">
  <testcase classname="com.KanchanPractce.TestngFeatures" name="login" time="5.999"/>
  <system-out/>
  <testcase classname="com.KanchanPractce.TestngFeatures" name="userName" time="7.094"/>
  <system-out/>
  <testcase classname="com.KanchanPractce.TestngFeatures" name="password" time="8.703"/>
  <system-out/>
</testsuite> <!-- com.KanchanPractce.TestngFeatures -->
