<?xml version="1.0" encoding="UTF-8"?>
<!-- Generated by org.testng.reporters.JUnitReportReporter -->
<testsuite hostname="Kanchan" failures="0" tests="2" name="assertionTestng.AssertionSoftAssert" time="0.016" errors="0" timestamp="2023-10-12T17:42:33 IST" skipped="0">
  <testcase classname="assertionTestng.AssertionSoftAssert" name="test2" time="0.003"/>
  <system-out/>
  <testcase classname="assertionTestng.AssertionSoftAssert" name="test" time="0.013"/>
  <system-out/>
</testsuite> <!-- assertionTestng.AssertionSoftAssert -->
