<?xml version="1.0" encoding="UTF-8"?>
<!-- Generated by org.testng.reporters.JUnitReportReporter -->
<testsuite hostname="Kanchan" failures="0" tests="6" name="com.KanchanPractce.GoogleTest" time="88.628" errors="0" timestamp="2024-07-21T17:03:14 IST" skipped="0">
  <testcase classname="com.KanchanPractce.GoogleTest" name="checkTest" time="4.985"/>
  <system-out/>
  <testcase classname="com.KanchanPractce.GoogleTest" name="checkIndia" time="5.029"/>
  <system-out/>
  <testcase classname="com.KanchanPractce.GoogleTest" name="search" time="5.171"/>
  <system-out/>
  <testcase classname="com.KanchanPractce.GoogleTest" name="test1" time="63.121"/>
  <system-out/>
  <testcase classname="com.KanchanPractce.GoogleTest" name="test2" time="4.943"/>
  <system-out/>
  <testcase classname="com.KanchanPractce.GoogleTest" name="test3" time="5.379"/>
  <system-out/>
</testsuite> <!-- com.KanchanPractce.GoogleTest -->
