<?xml version="1.0" encoding="UTF-8"?>
<!-- Generated by org.testng.reporters.JUnitReportReporter -->
<testsuite hostname="Kanchan" failures="0" tests="3" name="com.KanchanPractce.DataProviderExample" time="0.012" errors="0" timestamp="2023-10-10T01:11:42 IST" skipped="0">
  <testcase classname="com.KanchanPractce.DataProviderExample" name="loginTest" time="0.003"/>
  <system-out/>
  <testcase classname="com.KanchanPractce.DataProviderExample" name="loginTest" time="0.003"/>
  <system-out/>
  <testcase classname="com.KanchanPractce.DataProviderExample" name="loginTest" time="0.006"/>
  <system-out/>
</testsuite> <!-- com.KanchanPractce.DataProviderExample -->
