<?xml version="1.0" encoding="UTF-8"?>
<!-- Generated by org.testng.reporters.JUnitReportReporter -->
<testsuite hostname="Kanchan" failures="0" tests="3" name="com.KanchanPractce.DataProviderExample2" time="0.010" errors="0" timestamp="2023-10-09T22:21:12 IST" skipped="0">
  <testcase classname="com.KanchanPractce.DataProviderExample2" name="loginTestData" time="0.002"/>
  <system-out/>
  <testcase classname="com.KanchanPractce.DataProviderExample2" name="loginTestData" time="0.001"/>
  <system-out/>
  <testcase classname="com.KanchanPractce.DataProviderExample2" name="loginTestData" time="0.007"/>
  <system-out/>
</testsuite> <!-- com.KanchanPractce.DataProviderExample2 -->
