<?xml version="1.0" encoding="UTF-8"?>
<!-- Generated by org.testng.reporters.JUnitReportReporter -->
<testsuite hostname="Kanchan" failures="0" tests="2" name="assertionTestng.AssertionSoftAssert" time="0.022" errors="0" timestamp="2024-09-23T16:25:19 IST" skipped="0">
  <testcase classname="assertionTestng.AssertionSoftAssert" name="test2" time="0.002"/>
  <system-out/>
  <testcase classname="assertionTestng.AssertionSoftAssert" name="test" time="0.020"/>
  <system-out/>
</testsuite> <!-- assertionTestng.AssertionSoftAssert -->
