<?xml version="1.0" encoding="UTF-8"?>
<!-- Generated by org.testng.reporters.JUnitReportReporter -->
<testsuite hostname="Kanchan" failures="0" tests="1" name="cmdLine.ReadDataFromCmdLine" time="0.009" errors="0" timestamp="2024-09-23T16:53:34 IST" skipped="0">
  <testcase classname="cmdLine.ReadDataFromCmdLine" name="read" time="0.009"/>
  <system-out/>
</testsuite> <!-- cmdLine.ReadDataFromCmdLine -->
