<?xml version="1.0" encoding="UTF-8"?>
<!-- Generated by org.testng.reporters.JUnitReportReporter -->
<testsuite hostname="Kanchan" failures="0" tests="6" name="com.KanchanPractce.GoogleTest" time="38.152" errors="0" timestamp="2025-04-28T21:47:58 IST" skipped="0">
  <testcase classname="com.KanchanPractce.GoogleTest" name="checkTest" time="5.657"/>
  <system-out/>
  <testcase classname="com.KanchanPractce.GoogleTest" name="checkIndia" time="6.711"/>
  <system-out/>
  <testcase classname="com.KanchanPractce.GoogleTest" name="search" time="7.198"/>
  <system-out/>
  <testcase classname="com.KanchanPractce.GoogleTest" name="test1" time="6.502"/>
  <system-out/>
  <testcase classname="com.KanchanPractce.GoogleTest" name="test2" time="5.232"/>
  <system-out/>
  <testcase classname="com.KanchanPractce.GoogleTest" name="test3" time="6.852"/>
  <system-out/>
</testsuite> <!-- com.KanchanPractce.GoogleTest -->
