<?xml version="1.0" encoding="UTF-8"?>
<!-- Generated by org.testng.reporters.JUnitReportReporter -->
<testsuite hostname="Kanchan" failures="0" tests="3" name="com.KanchanPractce.TestngFeatures" time="26.278" errors="0" timestamp="2025-05-03T17:31:53 IST" skipped="0">
  <testcase classname="com.KanchanPractce.TestngFeatures" name="userName" time="11.099"/>
  <system-out/>
  <testcase classname="com.KanchanPractce.TestngFeatures" name="password" time="6.072"/>
  <system-out/>
  <testcase classname="com.KanchanPractce.TestngFeatures" name="login" time="9.107"/>
  <system-out/>
</testsuite> <!-- com.KanchanPractce.TestngFeatures -->
