<?xml version="1.0" encoding="UTF-8"?>
<!-- Generated by org.testng.reporters.JUnitReportReporter -->
<testsuite hostname="Kanchan" failures="0" tests="6" name="com.KanchanPractce.GoogleTest" time="41.399" errors="0" timestamp="2025-04-25T21:46:31 IST" skipped="0">
  <testcase classname="com.KanchanPractce.GoogleTest" name="checkTest" time="6.124"/>
  <system-out/>
  <testcase classname="com.KanchanPractce.GoogleTest" name="checkIndia" time="7.118"/>
  <system-out/>
  <testcase classname="com.KanchanPractce.GoogleTest" name="search" time="9.251"/>
  <system-out/>
  <testcase classname="com.KanchanPractce.GoogleTest" name="test1" time="6.564"/>
  <system-out/>
  <testcase classname="com.KanchanPractce.GoogleTest" name="test2" time="6.593"/>
  <system-out/>
  <testcase classname="com.KanchanPractce.GoogleTest" name="test3" time="5.749"/>
  <system-out/>
</testsuite> <!-- com.KanchanPractce.GoogleTest -->
