<?xml version="1.0" encoding="UTF-8"?>
<!-- Generated by org.testng.reporters.JUnitReportReporter -->
<testsuite hostname="Kanchan" failures="0" tests="6" name="com.KanchanPractce.GoogleTest" time="36.287" errors="0" timestamp="2025-05-03T17:31:53 IST" skipped="0">
  <testcase classname="com.KanchanPractce.GoogleTest" name="checkTest" time="5.957"/>
  <system-out/>
  <testcase classname="com.KanchanPractce.GoogleTest" name="checkIndia" time="5.986"/>
  <system-out/>
  <testcase classname="com.KanchanPractce.GoogleTest" name="search" time="6.560"/>
  <system-out/>
  <testcase classname="com.KanchanPractce.GoogleTest" name="test1" time="6.125"/>
  <system-out/>
  <testcase classname="com.KanchanPractce.GoogleTest" name="test2" time="5.816"/>
  <system-out/>
  <testcase classname="com.KanchanPractce.GoogleTest" name="test3" time="5.843"/>
  <system-out/>
</testsuite> <!-- com.KanchanPractce.GoogleTest -->
