<?xml version="1.0" encoding="UTF-8"?>
<!-- Generated by org.testng.reporters.JUnitReportReporter -->
<testsuite hostname="Kanchan" failures="0" tests="2" name="com.KanchanPractce.InvocationCountTest" time="0.018" errors="0" timestamp="2025-04-25T21:46:31 IST" skipped="0">
  <testcase classname="com.KanchanPractce.InvocationCountTest" name="swapp" time="0.001"/>
  <system-out/>
  <testcase classname="com.KanchanPractce.InvocationCountTest" name="swapp" time="0.017"/>
  <system-out/>
</testsuite> <!-- com.KanchanPractce.InvocationCountTest -->
