<?xml version="1.0" encoding="UTF-8"?>
<!-- Generated by org.testng.reporters.JUnitReportReporter -->
<testsuite hostname="Kanchan" failures="0" tests="3" name="com.KanchanPractce.TestngFeatures" time="34.402" errors="0" timestamp="2024-07-21T17:03:14 IST" skipped="0">
  <testcase classname="com.KanchanPractce.TestngFeatures" name="password" time="17.654"/>
  <system-out/>
  <testcase classname="com.KanchanPractce.TestngFeatures" name="login" time="8.950"/>
  <system-out/>
  <testcase classname="com.KanchanPractce.TestngFeatures" name="userName" time="7.798"/>
  <system-out/>
</testsuite> <!-- com.KanchanPractce.TestngFeatures -->
