<?xml version="1.0" encoding="UTF-8"?>
<!-- Generated by org.testng.reporters.JUnitReportReporter -->
<testsuite hostname="Kanchan" failures="0" tests="2" name="com.KanchanPractce.InvocationCountTest" time="0.020" errors="0" timestamp="2025-05-03T17:31:53 IST" skipped="0">
  <testcase classname="com.KanchanPractce.InvocationCountTest" name="swapp" time="0.003"/>
  <system-out/>
  <testcase classname="com.KanchanPractce.InvocationCountTest" name="swapp" time="0.017"/>
  <system-out/>
</testsuite> <!-- com.KanchanPractce.InvocationCountTest -->
