<?xml version="1.0" encoding="UTF-8"?>
<!-- Generated by org.testng.reporters.JUnitReportReporter -->
<testsuite hostname="Kanchan" failures="0" tests="3" name="com.KanchanPractce.TestngFeatures" time="21.033" errors="0" timestamp="2025-04-27T18:53:29 IST" skipped="0">
  <testcase classname="com.KanchanPractce.TestngFeatures" name="login" time="5.323"/>
  <system-out/>
  <testcase classname="com.KanchanPractce.TestngFeatures" name="userName" time="5.663"/>
  <system-out/>
  <testcase classname="com.KanchanPractce.TestngFeatures" name="password" time="10.047"/>
  <system-out/>
</testsuite> <!-- com.KanchanPractce.TestngFeatures -->
