<?xml version="1.0" encoding="UTF-8"?>
<!-- Generated by org.testng.reporters.JUnitReportReporter -->
<testsuite hostname="Kanchan" failures="0" tests="3" name="com.KanchanPractce.TestngFeatures" time="35.152" errors="0" timestamp="2024-07-10T01:01:33 IST" skipped="0">
  <testcase classname="com.KanchanPractce.TestngFeatures" name="userName" time="8.094"/>
  <system-out/>
  <testcase classname="com.KanchanPractce.TestngFeatures" name="password" time="8.941"/>
  <system-out/>
  <testcase classname="com.KanchanPractce.TestngFeatures" name="login" time="18.117"/>
  <system-out/>
</testsuite> <!-- com.KanchanPractce.TestngFeatures -->
