<?xml version="1.0" encoding="UTF-8"?>
<!-- Generated by org.testng.reporters.JUnitReportReporter -->
<testsuite hostname="Kanchan" failures="0" tests="6" name="com.KanchanPractce.GoogleTest" time="38.665" errors="0" timestamp="2025-04-28T21:54:45 IST" skipped="0">
  <testcase classname="com.KanchanPractce.GoogleTest" name="checkTest" time="5.785"/>
  <system-out/>
  <testcase classname="com.KanchanPractce.GoogleTest" name="checkIndia" time="6.648"/>
  <system-out/>
  <testcase classname="com.KanchanPractce.GoogleTest" name="search" time="6.764"/>
  <system-out/>
  <testcase classname="com.KanchanPractce.GoogleTest" name="test1" time="7.412"/>
  <system-out/>
  <testcase classname="com.KanchanPractce.GoogleTest" name="test2" time="6.618"/>
  <system-out/>
  <testcase classname="com.KanchanPractce.GoogleTest" name="test3" time="5.438"/>
  <system-out/>
</testsuite> <!-- com.KanchanPractce.GoogleTest -->
