<?xml version="1.0" encoding="UTF-8"?>
<!-- Generated by org.testng.reporters.JUnitReportReporter -->
<testsuite hostname="Kanchan" failures="0" tests="6" name="com.KanchanPractce.GoogleTest" time="34.911" errors="0" timestamp="2024-07-10T01:01:34 IST" skipped="0">
  <testcase classname="com.KanchanPractce.GoogleTest" name="checkTest" time="5.994"/>
  <system-out/>
  <testcase classname="com.KanchanPractce.GoogleTest" name="checkIndia" time="5.896"/>
  <system-out/>
  <testcase classname="com.KanchanPractce.GoogleTest" name="search" time="5.735"/>
  <system-out/>
  <testcase classname="com.KanchanPractce.GoogleTest" name="test1" time="5.991"/>
  <system-out/>
  <testcase classname="com.KanchanPractce.GoogleTest" name="test2" time="6.074"/>
  <system-out/>
  <testcase classname="com.KanchanPractce.GoogleTest" name="test3" time="5.221"/>
  <system-out/>
</testsuite> <!-- com.KanchanPractce.GoogleTest -->
