<?xml version="1.0" encoding="UTF-8"?>
<!-- Generated by org.testng.reporters.JUnitReportReporter -->
<testsuite hostname="Kanchan" failures="0" tests="1" name="com.KanchanPractce.InvocationCountTest" time="0.009" errors="0" timestamp="2024-07-10T01:01:34 IST" skipped="0">
  <testcase classname="com.KanchanPractce.InvocationCountTest" name="swapp" time="0.009"/>
  <system-out/>
</testsuite> <!-- com.KanchanPractce.InvocationCountTest -->
