<?xml version="1.0" encoding="UTF-8"?>
<!-- Generated by org.testng.reporters.JUnitReportReporter -->
<testsuite hostname="Kanchan" failures="0" tests="2" name="com.KanchanPractce.InvocationCountTest" time="0.011" errors="0" timestamp="2025-05-05T09:09:19 IST" skipped="0">
  <testcase classname="com.KanchanPractce.InvocationCountTest" name="swapp" time="0.001"/>
  <system-out/>
  <testcase classname="com.KanchanPractce.InvocationCountTest" name="swapp" time="0.010"/>
  <system-out/>
</testsuite> <!-- com.KanchanPractce.InvocationCountTest -->
