<?xml version="1.0" encoding="UTF-8"?>
<!-- Generated by org.testng.reporters.JUnitReportReporter -->
<testsuite hostname="Kanchan" failures="0" tests="6" name="com.KanchanPractce.GoogleTest" time="33.392" errors="0" timestamp="2025-04-27T18:53:29 IST" skipped="0">
  <testcase classname="com.KanchanPractce.GoogleTest" name="checkTest" time="5.493"/>
  <system-out/>
  <testcase classname="com.KanchanPractce.GoogleTest" name="checkIndia" time="6.254"/>
  <system-out/>
  <testcase classname="com.KanchanPractce.GoogleTest" name="search" time="5.914"/>
  <system-out/>
  <testcase classname="com.KanchanPractce.GoogleTest" name="test1" time="5.554"/>
  <system-out/>
  <testcase classname="com.KanchanPractce.GoogleTest" name="test2" time="4.880"/>
  <system-out/>
  <testcase classname="com.KanchanPractce.GoogleTest" name="test3" time="5.297"/>
  <system-out/>
</testsuite> <!-- com.KanchanPractce.GoogleTest -->
