<?xml version="1.0" encoding="UTF-8"?>
<!-- Generated by org.testng.reporters.JUnitReportReporter -->
<testsuite hostname="Kanchan" failures="0" tests="6" name="com.KanchanPractce.GoogleTest" time="37.926" errors="0" timestamp="2025-05-05T09:09:19 IST" skipped="0">
  <testcase classname="com.KanchanPractce.GoogleTest" name="checkTest" time="5.297"/>
  <system-out/>
  <testcase classname="com.KanchanPractce.GoogleTest" name="checkIndia" time="8.407"/>
  <system-out/>
  <testcase classname="com.KanchanPractce.GoogleTest" name="search" time="5.872"/>
  <system-out/>
  <testcase classname="com.KanchanPractce.GoogleTest" name="test1" time="5.475"/>
  <system-out/>
  <testcase classname="com.KanchanPractce.GoogleTest" name="test2" time="7.033"/>
  <system-out/>
  <testcase classname="com.KanchanPractce.GoogleTest" name="test3" time="5.842"/>
  <system-out/>
</testsuite> <!-- com.KanchanPractce.GoogleTest -->
