<?xml version="1.0" encoding="UTF-8"?>
<!-- Generated by org.testng.reporters.JUnitReportReporter -->
<testsuite hostname="Kanchan" failures="0" tests="2" name="com.KanchanPractce.InvocationCountTest" time="0.006" errors="0" timestamp="2025-04-28T21:54:45 IST" skipped="0">
  <testcase classname="com.KanchanPractce.InvocationCountTest" name="swapp" time="0.006"/>
  <system-out/>
  <testcase classname="com.KanchanPractce.InvocationCountTest" name="swapp" time="0.000"/>
  <system-out/>
</testsuite> <!-- com.KanchanPractce.InvocationCountTest -->
