<?xml version="1.0" encoding="UTF-8"?>
<!-- Generated by org.testng.reporters.JUnitReportReporter -->
<testsuite hostname="Kanchan" failures="0" tests="3" name="com.KanchanPractce.TestngFeatures" time="23.809" errors="0" timestamp="2025-04-28T21:54:45 IST" skipped="0">
  <testcase classname="com.KanchanPractce.TestngFeatures" name="userName" time="9.029"/>
  <system-out/>
  <testcase classname="com.KanchanPractce.TestngFeatures" name="login" time="8.376"/>
  <system-out/>
  <testcase classname="com.KanchanPractce.TestngFeatures" name="password" time="6.404"/>
  <system-out/>
</testsuite> <!-- com.KanchanPractce.TestngFeatures -->
