<?xml version="1.0" encoding="UTF-8"?>
<!-- Generated by org.testng.reporters.JUnitReportReporter -->
<testsuite hostname="Kanchan" failures="0" tests="3" name="com.KanchanPractce.TestngFeatures" time="19.087" errors="0" timestamp="2025-05-05T09:09:19 IST" skipped="0">
  <testcase classname="com.KanchanPractce.TestngFeatures" name="login" time="7.963"/>
  <system-out/>
  <testcase classname="com.KanchanPractce.TestngFeatures" name="userName" time="5.741"/>
  <system-out/>
  <testcase classname="com.KanchanPractce.TestngFeatures" name="password" time="5.383"/>
  <system-out/>
</testsuite> <!-- com.KanchanPractce.TestngFeatures -->
